<?xml version="1.0" encoding="UTF-8"?>
<testsuite name="ru.netology.test.TestApi" tests="4" skipped="0" failures="0" errors="0" timestamp="2020-11-27T14:13:17" hostname="LAPTOP-NF0QCEOC" time="4.385">
  <properties/>
  <testcase name="declinedCardCreditForm()" classname="ru.netology.test.TestApi" time="3.877"/>
  <testcase name="declinedBuyForm()" classname="ru.netology.test.TestApi" time="0.173"/>
  <testcase name="approvedCardCreditForm()" classname="ru.netology.test.TestApi" time="0.147"/>
  <testcase name="approvedCardBuyForm()" classname="ru.netology.test.TestApi" time="0.18"/>
  <system-out><![CDATA[Request method:	POST
Request URI:	http://localhost:8090/api/v1/credit
Proxy:			<none>
Request params:	<none>
Query params:	<none>
Form params:	<none>
Path params:	<none>
Headers:		Accept=application/json, application/javascript, text/javascript, text/json
				Content-Type=application/json; charset=UTF-8
Cookies:		<none>
Multiparts:		<none>
Body:
{
    "number": "4444 4444 4444 4442",
    "month": "11",
    "year": "22",
    "holder": "Smirnova Larisa",
    "cvc": "195"
}
Request method:	POST
Request URI:	http://localhost:8090/api/v1/pay
Proxy:			<none>
Request params:	<none>
Query params:	<none>
Form params:	<none>
Path params:	<none>
Headers:		Accept=application/json, application/javascript, text/javascript, text/json
				Content-Type=application/json; charset=UTF-8
Cookies:		<none>
Multiparts:		<none>
Body:
{
    "number": "4444 4444 4444 4442",
    "month": "11",
    "year": "22",
    "holder": "Smirnova Larisa",
    "cvc": "195"
}
HTTP/1.1 200 
Vary: Origin
Vary: Access-Control-Request-Method
Vary: Access-Control-Request-Headers
Content-Type: application/json
Transfer-Encoding: chunked
Date: Fri, 27 Nov 2020 14:13:21 GMT

{
    "status": "DECLINED"
}
Request method:	POST
Request URI:	http://localhost:8090/api/v1/credit
Proxy:			<none>
Request params:	<none>
Query params:	<none>
Form params:	<none>
Path params:	<none>
Headers:		Accept=application/json, application/javascript, text/javascript, text/json
				Content-Type=application/json; charset=UTF-8
Cookies:		<none>
Multiparts:		<none>
Body:
{
    "number": "4444 4444 4444 4441",
    "month": "11",
    "year": "22",
    "holder": "Smirnova Larisa",
    "cvc": "195"
}
Request method:	POST
Request URI:	http://localhost:8090/api/v1/pay
Proxy:			<none>
Request params:	<none>
Query params:	<none>
Form params:	<none>
Path params:	<none>
Headers:		Accept=application/json, application/javascript, text/javascript, text/json
				Content-Type=application/json; charset=UTF-8
Cookies:		<none>
Multiparts:		<none>
Body:
{
    "number": "4444 4444 4444 4441",
    "month": "11",
    "year": "22",
    "holder": "Smirnova Larisa",
    "cvc": "195"
}
HTTP/1.1 200 
Vary: Origin
Vary: Access-Control-Request-Method
Vary: Access-Control-Request-Headers
Content-Type: application/json
Transfer-Encoding: chunked
Date: Fri, 27 Nov 2020 14:13:21 GMT

{
    "status": "APPROVED"
}
]]></system-out>
  <system-err><![CDATA[]]></system-err>
</testsuite>
